0 info it worked if it ends with ok
1 verbose cli [ 'C:\\Program Files\\nodejs\\node.exe',
1 verbose cli   'C:\\Program Files\\nodejs\\node_modules\\npm\\bin\\npm-cli.js',
1 verbose cli   'publish' ]
2 info using npm@3.10.10
3 info using node@v6.9.5
4 verbose publish [ '.' ]
5 silly cache add args [ '.', null ]
6 verbose cache add spec .
7 silly cache add parsed spec Result {
7 silly cache add   raw: '.',
7 silly cache add   scope: null,
7 silly cache add   escapedName: null,
7 silly cache add   name: null,
7 silly cache add   rawSpec: '.',
7 silly cache add   spec: 'D:\\www\\ng-ts-helpers',
7 silly cache add   type: 'directory' }
8 verbose addLocalDirectory C:\Users\MNB.DEX\AppData\Roaming\npm-cache\ng-ts-helpers\1.0.0\package.tgz not in flight; packing
9 verbose correctMkdir C:\Users\MNB.DEX\AppData\Roaming\npm-cache correctMkdir not in flight; initializing
10 info lifecycle ng-ts-helpers@1.0.0~prepublish: ng-ts-helpers@1.0.0
11 silly lifecycle ng-ts-helpers@1.0.0~prepublish: no script for prepublish, continuing
12 verbose tar pack [ 'C:\\Users\\MNB.DEX\\AppData\\Roaming\\npm-cache\\ng-ts-helpers\\1.0.0\\package.tgz',
12 verbose tar pack   'D:\\www\\ng-ts-helpers' ]
13 verbose tarball C:\Users\MNB.DEX\AppData\Roaming\npm-cache\ng-ts-helpers\1.0.0\package.tgz
14 verbose folder D:\www\ng-ts-helpers
15 verbose addLocalTarball adding from inside cache C:\Users\MNB.DEX\AppData\Roaming\npm-cache\ng-ts-helpers\1.0.0\package.tgz
16 verbose correctMkdir C:\Users\MNB.DEX\AppData\Roaming\npm-cache correctMkdir not in flight; initializing
17 silly cache afterAdd ng-ts-helpers@1.0.0
18 verbose afterAdd C:\Users\MNB.DEX\AppData\Roaming\npm-cache\ng-ts-helpers\1.0.0\package\package.json not in flight; writing
19 verbose correctMkdir C:\Users\MNB.DEX\AppData\Roaming\npm-cache correctMkdir not in flight; initializing
20 verbose afterAdd C:\Users\MNB.DEX\AppData\Roaming\npm-cache\ng-ts-helpers\1.0.0\package\package.json written
21 silly publish { name: 'ng-ts-helpers',
21 silly publish   homepage: 'https://github.com/MNBuyskih/ng-ts-helpers',
21 silly publish   authors: [ 'MNB <buyskih@gmail.com>' ],
21 silly publish   description: 'Use Angular2 TypeScript decorators in Angular1',
21 silly publish   main: 'index.ts',
21 silly publish   keywords: [ 'angular', 'typescript', 'decorators' ],
21 silly publish   license: 'MIT',
21 silly publish   version: '1.0.0',
21 silly publish   readme: '# Use Angular2 TypeScript decorators in Angular1!\n\nBefore:\n\n```typescript\nclass MyComponent{\n    attribute:string;\n    onSave:string;\n    model:MyModel;\n}\n\nangular\n    .module(\'myModule\')\n    .component(\'myComponent\', {\n        templateUrl: \'myComponent.html\',\n        controller: MyComponent,\n        controllerAs: \'vm\',\n        bindings: {attribute: \'<\', onSave: \'&\'},\n        require: {model: \'ngModel\'}\n    });\n```\n\nAfter:\n\n```typescript\n@TSHelpers.Component({templateUrl: \'myComponent.html\'})\nclass MyComponent{\n    @TSHelpers.Input() attribute:string;\n    @TSHelpers.Output() onSave:string;\n    @TSHelpers.Require(\'^ngModel\') model:MyModel;\n}\n\nangular\n    .module(\'myModule\')\n    .component(\'myComponent\', MyComponent);\n```\n',
21 silly publish   readmeFilename: 'README.md',
21 silly publish   gitHead: 'bdee8e1284aabb40d8ef431d66cac2facf2c1b02',
21 silly publish   _id: 'ng-ts-helpers@1.0.0',
21 silly publish   scripts: {},
21 silly publish   _shasum: 'acb488ccd1680a92cdd209864cc3b14396e777df',
21 silly publish   _from: '.' }
22 verbose getPublishConfig undefined
23 silly mapToRegistry name ng-ts-helpers
24 silly mapToRegistry using default registry
25 silly mapToRegistry registry https://registry.npmjs.org/
26 silly mapToRegistry data Result {
26 silly mapToRegistry   raw: 'ng-ts-helpers',
26 silly mapToRegistry   scope: null,
26 silly mapToRegistry   escapedName: 'ng-ts-helpers',
26 silly mapToRegistry   name: 'ng-ts-helpers',
26 silly mapToRegistry   rawSpec: '',
26 silly mapToRegistry   spec: 'latest',
26 silly mapToRegistry   type: 'tag' }
27 silly mapToRegistry uri https://registry.npmjs.org/ng-ts-helpers
28 verbose publish registryBase https://registry.npmjs.org/
29 silly publish uploading C:\Users\MNB.DEX\AppData\Roaming\npm-cache\ng-ts-helpers\1.0.0\package.tgz
30 verbose request uri https://registry.npmjs.org/ng-ts-helpers
31 verbose request sending authorization for write operation
32 info attempt registry request try #1 at 17:01:14
33 verbose request using bearer token for auth
34 verbose request id fc93d639217bd7d9
35 http request PUT https://registry.npmjs.org/ng-ts-helpers
36 http 403 https://registry.npmjs.org/ng-ts-helpers
37 verbose headers { 'content-type': 'application/json',
37 verbose headers   'cache-control': 'max-age=300',
37 verbose headers   'content-length': '95',
37 verbose headers   'accept-ranges': 'bytes',
37 verbose headers   date: 'Wed, 22 Feb 2017 15:01:15 GMT',
37 verbose headers   via: '1.1 varnish',
37 verbose headers   connection: 'keep-alive',
37 verbose headers   'x-served-by': 'cache-hhn1539-HHN',
37 verbose headers   'x-cache': 'MISS',
37 verbose headers   'x-cache-hits': '0',
37 verbose headers   'x-timer': 'S1487775674.849520,VS0,VE867',
37 verbose headers   vary: 'Accept-Encoding' }
38 verbose request invalidating C:\Users\MNB.DEX\AppData\Roaming\npm-cache\registry.npmjs.org\ng-ts-helpers on PUT
39 error publish Failed PUT 403
40 verbose stack Error: "You cannot publish over the previously published version 1.0.0." : ng-ts-helpers
40 verbose stack     at makeError (C:\Program Files\nodejs\node_modules\npm\node_modules\npm-registry-client\lib\request.js:302:12)
40 verbose stack     at CachingRegistryClient.<anonymous> (C:\Program Files\nodejs\node_modules\npm\node_modules\npm-registry-client\lib\request.js:290:14)
40 verbose stack     at Request._callback (C:\Program Files\nodejs\node_modules\npm\node_modules\npm-registry-client\lib\request.js:210:14)
40 verbose stack     at Request.self.callback (C:\Program Files\nodejs\node_modules\npm\node_modules\request\request.js:187:22)
40 verbose stack     at emitTwo (events.js:106:13)
40 verbose stack     at Request.emit (events.js:191:7)
40 verbose stack     at Request.<anonymous> (C:\Program Files\nodejs\node_modules\npm\node_modules\request\request.js:1048:10)
40 verbose stack     at emitOne (events.js:96:13)
40 verbose stack     at Request.emit (events.js:188:7)
40 verbose stack     at IncomingMessage.<anonymous> (C:\Program Files\nodejs\node_modules\npm\node_modules\request\request.js:969:12)
41 verbose statusCode 403
42 verbose pkgid ng-ts-helpers
43 verbose cwd D:\www\ng-ts-helpers
44 error Windows_NT 10.0.14393
45 error argv "C:\\Program Files\\nodejs\\node.exe" "C:\\Program Files\\nodejs\\node_modules\\npm\\bin\\npm-cli.js" "publish"
46 error node v6.9.5
47 error npm  v3.10.10
48 error code E403
49 error "You cannot publish over the previously published version 1.0.0." : ng-ts-helpers
50 error If you need help, you may report this error at:
50 error     <https://github.com/npm/npm/issues>
51 verbose exit [ 1, true ]
